aUPDATE deploy_missions SET mission_name = ?, mission_status = ?, mission_notes = ?, wds_vlan = ?, hypervisor_datastorage = ?, hypervisor_datacenter = ? WHERE id = 1
Params: 'Sauerland', '', 'test', '100', 'test', 'test', '1'
UPDATE deploy_missions SET mission_name = ?, mission_status = ?, mission_notes = ?, wds_vlan = ?, hypervisor_datastorage = ?, hypervisor_datacenter = ? WHERE id = 7
Params: 'Siegerland', '', '', '1900', 'asd', 'asd', '7'
UPDATE deploy_missions SET mission_name = ?, mission_status = ?, mission_notes = ?, wds_vlan = ?, hypervisor_datastorage = ?, hypervisor_datacenter = ? WHERE id = 8
Params: 'Ruhrgebiet', '', '', '900', 'asd', 'asd', '8'
UPDATE deploy_missions SET mission_name = ?, mission_status = ?, mission_notes = ?, wds_vlan = ?, hypervisor_datastorage = ?, hypervisor_datacenter = ? WHERE id = 24
Params: 'HalloWelt', '', '', '2000', 'asd', 'asdasdas', '24'
UPDATE deploy_missions SET mission_name = ?, mission_status = ?, mission_notes = ?, wds_vlan = ?, hypervisor_datastorage = ?, hypervisor_datacenter = ? WHERE id = 24
Params: 'HalloWelt', '', '', '2000', 'asd', 'asdasdas', '24'
UPDATE deploy_missions SET mission_name = ?, mission_status = ?, mission_notes = ?, wds_vlan = ?, hypervisor_datastorage = ?, hypervisor_datacenter = ? WHERE id = 20
Params: 'Bodensee', '', '', '100', 'sdaf', 'asdf', '20'
UPDATE deploy_missions SET mission_name = ?, mission_status = ?, mission_notes = ?, wds_vlan = ?, hypervisor_datastorage = ?, hypervisor_datacenter = ? WHERE id = 2
Params: 'Mosel', '', '', '100', 'asd', 'asd', '2'
UPDATE deploy_missions SET mission_name = ?, mission_status = ?, mission_notes = ?, wds_vlan = ?, hypervisor_datastorage = ?, hypervisor_datacenter = ? WHERE id = 2
Params: 'Mosel', '', '', '100', 'asd', 'asd', '2'
UPDATE deploy_missions SET mission_name = ?, mission_status = ?, mission_notes = ?, wds_vlan = ?, hypervisor_datastorage = ?, hypervisor_datacenter = ? WHERE id = 26
Params: 'asdasd', '', '', '100', 'asd', 'asd', '26'
UPDATE deploy_missions SET mission_name = ?, mission_status = ?, mission_notes = ?, wds_vlan = ?, hypervisor_datastorage = ?, hypervisor_datacenter = ? WHERE id = 26
Params: 'asdasd', '', '', '100', 'asd', 'asd', '26'
UPDATE deploy_missions SET mission_name = ?, mission_status = ?, mission_notes = ?, wds_vlan = ?, hypervisor_datastorage = ?, hypervisor_datacenter = ? WHERE id = 26
Params: 'asdasd', '', '', '100', 'asd', 'asd', '26'
UPDATE deploy_missions SET mission_name = ?, mission_status = ?, mission_notes = ?, wds_vlan = ?, hypervisor_datastorage = ?, hypervisor_datacenter = ? WHERE id = 26
Params: 'asdasd', '', '', '100', 'asd', 'asd', '26'
UPDATE deploy_missions SET mission_name = ?, mission_status = ?, updated_at = ?, mission_notes = ?, wds_vlan = ?, hypervisor_datastorage = ?, hypervisor_datacenter = ? WHERE id = 2
Params: 'Mission1', '', '2024-03-18 11:07:45', '', '1300', 'ss', 'ss', '2'
UPDATE deploy_missions SET mission_name = ?, mission_status = ?, updated_at = ?, mission_notes = ?, wds_vlan = ?, hypervisor_datastorage = ?, hypervisor_datacenter = ? WHERE id = 4
Params: 'Mission3', '', '2024-03-18 11:08:21', '', '1300', 'dd', 'dd', '4'
UPDATE deploy_missions SET mission_name = ?, mission_status = ?, updated_at = ?, mission_notes = ?, wds_vlan = ?, hypervisor_datastorage = ?, hypervisor_datacenter = ? WHERE id = 4
Params: 'Mission3', '', '2024-03-18 11:09:30', '', '1300', 'dd', 'dd', '4'
UPDATE deploy_missions SET mission_name = ?, mission_status = ?, updated_at = ?, mission_notes = ?, wds_vlan = ?, hypervisor_datastorage = ?, hypervisor_datacenter = ? WHERE id = 9
Params: 'Mission 6', '', '2024-03-18 11:10:02', '', '1300', 'vv', 'vv', '9'
UPDATE deploy_missions SET mission_name = ?, mission_status = ?, updated_at = ?, mission_notes = ?, wds_vlan = ?, hypervisor_datastorage = ?, hypervisor_datacenter = ? WHERE id = 7
Params: 'Mission 4', '', '2024-03-19 07:58:37', '', '1300', 'www', 'ha-datacenter', '7'
UPDATE deploy_missions SET mission_name = ?, mission_status = ?, updated_at = ?, mission_notes = ?, wds_vlan = ?, hypervisor_datastorage = ?, hypervisor_datacenter = ? WHERE id = 20
Params: 'asasd', '', '2024-03-19 08:00:02', '', '1300', 'sadasd', 'ha-datacenter', '20'
UPDATE deploy_missions SET mission_name = ?, mission_status = ?, updated_at = ?, mission_notes = ?, wds_vlan = ?, hypervisor_datastorage = ?, hypervisor_datacenter = ? WHERE id = 18
Params: 'neue Mission', '', '2024-03-19 08:05:56', '', '1300', 'asdads', 'ha-datacenter', '18'
UPDATE deploy_missions SET mission_name = ?, mission_status = ?, updated_at = ?, mission_notes = ?, wds_vlan = ?, hypervisor_datastorage = ?, hypervisor_datacenter = ? WHERE id = 18
Params: 'neue Mission', '', '2024-03-19 08:06:44', '', '1300', 'asdads', 'ha-datacenter', '18'
UPDATE deploy_missions SET mission_name = ?, mission_status = ?, updated_at = ?, mission_notes = ?, wds_vlan = ?, hypervisor_datastorage = ?, hypervisor_datacenter = ? WHERE id = 18
Params: 'neue Mission', '', '2024-03-19 08:07:57', '', '1300', 'asdads', 'ha-datacenter', '18'
UPDATE deploy_missions SET mission_name = ?, mission_status = ?, updated_at = ?, mission_notes = ?, wds_vlan = ?, hypervisor_datastorage = ?, hypervisor_datacenter = ? WHERE id = 18
Params: 'neue Mission', '', '2024-03-19 08:08:08', '', '1300', 'asdads', 'ha-datacenter', '18'
